Using pre-set license
Built from '2022.3/staging' branch; Version is '2022.3.8f1 (b5eafc012955) revision 11922172'; Using compiler version '192829333'; Build Type 'Release'
OS: 'Windows 10  (10.0.19045) 64bit Professional' Language: 'hu' Physical Memory: 16281 MB
BatchMode: 1, IsHumanControllingUs: 0, StartBugReporterOnCrash: 0, Is64bit: 1, IsPro: 1

COMMAND LINE ARGUMENTS:
C:\Program Files\Unity\Hub\Editor\2022.3.8f1\Editor\Unity.exe
-adb2
-batchMode
-noUpm
-name
AssetImportWorker4
-projectPath
C:/Users/3dstu/Desktop/Projektek/Fanni2/10.07
-logFile
Logs/AssetImportWorker4.log
-srvPort
52079
Successfully changed project path to: C:/Users/3dstu/Desktop/Projektek/Fanni2/10.07
C:/Users/3dstu/Desktop/Projektek/Fanni2/10.07
[UnityMemory] Configuration Parameters - Can be set up in boot.config
    "memorysetup-bucket-allocator-granularity=16"
    "memorysetup-bucket-allocator-bucket-count=8"
    "memorysetup-bucket-allocator-block-size=33554432"
    "memorysetup-bucket-allocator-block-count=8"
    "memorysetup-main-allocator-block-size=16777216"
    "memorysetup-thread-allocator-block-size=16777216"
    "memorysetup-gfx-main-allocator-block-size=16777216"
    "memorysetup-gfx-thread-allocator-block-size=16777216"
    "memorysetup-cache-allocator-block-size=4194304"
    "memorysetup-typetree-allocator-block-size=2097152"
    "memorysetup-profiler-bucket-allocator-granularity=16"
    "memorysetup-profiler-bucket-allocator-bucket-count=8"
    "memorysetup-profiler-bucket-allocator-block-size=33554432"
    "memorysetup-profiler-bucket-allocator-block-count=8"
    "memorysetup-profiler-allocator-block-size=16777216"
    "memorysetup-profiler-editor-allocator-block-size=1048576"
    "memorysetup-temp-allocator-size-main=16777216"
    "memorysetup-job-temp-allocator-block-size=2097152"
    "memorysetup-job-temp-allocator-block-size-background=1048576"
    "memorysetup-job-temp-allocator-reduction-small-platforms=262144"
    "memorysetup-allocator-temp-initial-block-size-main=262144"
    "memorysetup-allocator-temp-initial-block-size-worker=262144"
    "memorysetup-temp-allocator-size-background-worker=32768"
    "memorysetup-temp-allocator-size-job-worker=262144"
    "memorysetup-temp-allocator-size-preload-manager=33554432"
    "memorysetup-temp-allocator-size-nav-mesh-worker=65536"
    "memorysetup-temp-allocator-size-audio-worker=65536"
    "memorysetup-temp-allocator-size-cloud-worker=32768"
    "memorysetup-temp-allocator-size-gi-baking-worker=262144"
    "memorysetup-temp-allocator-size-gfx=262144"
Player connection [21980] Host "[IP] 192.168.100.12 [Port] 0 [Flags] 2 [Guid] 3817682996 [EditorId] 3817682996 [Version] 1048832 [Id] WindowsEditor(7,DESKTOP-P4TI2S3) [Debug] 1 [PackageName] WindowsEditor [ProjectName] Editor" joined multi-casting on [225.0.0.222:54997]...

Player connection [21980] Host "[IP] 192.168.100.12 [Port] 0 [Flags] 2 [Guid] 3817682996 [EditorId] 3817682996 [Version] 1048832 [Id] WindowsEditor(7,DESKTOP-P4TI2S3) [Debug] 1 [PackageName] WindowsEditor [ProjectName] Editor" joined alternative multi-casting on [225.0.0.222:34997]...

[Physics::Module] Initialized MultithreadedJobDispatcher with 11 workers.
Refreshing native plugins compatible for Editor in 0.00 ms, found 0 plugins.
Preloading 0 native plugins for Editor in 0.00 ms.
Initialize engine version: 2022.3.8f1 (b5eafc012955)
[Subsystems] Discovering subsystems at path C:/Program Files/Unity/Hub/Editor/2022.3.8f1/Editor/Data/Resources/UnitySubsystems
[Subsystems] Discovering subsystems at path C:/Users/3dstu/Desktop/Projektek/Fanni2/10.07/Assets
GfxDevice: creating device client; threaded=0; jobified=0
Direct3D:
    Version:  Direct3D 11.0 [level 11.1]
    Renderer: NVIDIA GeForce GTX 1650 (ID=0x1f82)
    Vendor:   NVIDIA
    VRAM:     3949 MB
    Driver:   31.0.15.3623
Initialize mono
Mono path[0] = 'C:/Program Files/Unity/Hub/Editor/2022.3.8f1/Editor/Data/Managed'
Mono path[1] = 'C:/Program Files/Unity/Hub/Editor/2022.3.8f1/Editor/Data/MonoBleedingEdge/lib/mono/unityjit-win32'
Mono config path = 'C:/Program Files/Unity/Hub/Editor/2022.3.8f1/Editor/Data/MonoBleedingEdge/etc'
Using monoOptions --debugger-agent=transport=dt_socket,embedding=1,server=y,suspend=n,address=127.0.0.1:56136
Begin MonoManager ReloadAssembly
Registering precompiled unity dll's ...
Register platform support module: C:/Program Files/Unity/Hub/Editor/2022.3.8f1/Editor/Data/PlaybackEngines/WindowsStandaloneSupport/UnityEditor.WindowsStandalone.Extensions.dll
Registered in 0.007391 seconds.
- Loaded All Assemblies, in  0.321 seconds
Native extension for WindowsStandalone target not found
Mono: successfully reloaded assembly
- Finished resetting the current domain, in  0.236 seconds
Domain Reload Profiling: 556ms
	BeginReloadAssembly (98ms)
		ExecutionOrderSort (0ms)
		DisableScriptedObjects (0ms)
		BackupInstance (0ms)
		ReleaseScriptingObjects (0ms)
		CreateAndSetChildDomain (1ms)
	RebuildCommonClasses (32ms)
	RebuildNativeTypeToScriptingClass (12ms)
	initialDomainReloadingComplete (53ms)
	LoadAllAssembliesAndSetupDomain (124ms)
		LoadAssemblies (96ms)
		RebuildTransferFunctionScriptingTraits (0ms)
		AnalyzeDomain (122ms)
			TypeCache.Refresh (121ms)
				TypeCache.ScanAssembly (108ms)
			ScanForSourceGeneratedMonoScriptInfo (0ms)
			ResolveRequiredComponents (0ms)
	FinalizeReload (237ms)
		ReleaseScriptCaches (0ms)
		RebuildScriptCaches (0ms)
		SetupLoadedEditorAssemblies (181ms)
			LogAssemblyErrors (0ms)
			InitializePlatformSupportModulesInManaged (9ms)
			SetLoadedEditorAssemblies (7ms)
			RefreshPlugins (0ms)
			BeforeProcessingInitializeOnLoad (2ms)
			ProcessInitializeOnLoadAttributes (119ms)
			ProcessInitializeOnLoadMethodAttributes (44ms)
			AfterProcessingInitializeOnLoad (0ms)
			EditorAssembliesLoaded (0ms)
		ExecutionOrderSort2 (0ms)
		AwakeInstancesAfterBackupRestoration (0ms)
========================================================================
Worker process is ready to serve import requests
Begin MonoManager ReloadAssembly
- Loaded All Assemblies, in  0.210 seconds
Refreshing native plugins compatible for Editor in 0.00 ms, found 0 plugins.
Native extension for WindowsStandalone target not found
Mono: successfully reloaded assembly
- Finished resetting the current domain, in  0.293 seconds
Domain Reload Profiling: 502ms
	BeginReloadAssembly (137ms)
		ExecutionOrderSort (0ms)
		DisableScriptedObjects (6ms)
		BackupInstance (0ms)
		ReleaseScriptingObjects (0ms)
		CreateAndSetChildDomain (19ms)
	RebuildCommonClasses (32ms)
	RebuildNativeTypeToScriptingClass (11ms)
	initialDomainReloadingComplete (22ms)
	LoadAllAssembliesAndSetupDomain (7ms)
		LoadAssemblies (78ms)
		RebuildTransferFunctionScriptingTraits (0ms)
		AnalyzeDomain (6ms)
			TypeCache.Refresh (4ms)
				TypeCache.ScanAssembly (0ms)
			ScanForSourceGeneratedMonoScriptInfo (0ms)
			ResolveRequiredComponents (1ms)
	FinalizeReload (293ms)
		ReleaseScriptCaches (0ms)
		RebuildScriptCaches (0ms)
		SetupLoadedEditorAssemblies (177ms)
			LogAssemblyErrors (0ms)
			InitializePlatformSupportModulesInManaged (6ms)
			SetLoadedEditorAssemblies (5ms)
			RefreshPlugins (0ms)
			BeforeProcessingInitializeOnLoad (25ms)
			ProcessInitializeOnLoadAttributes (116ms)
			ProcessInitializeOnLoadMethodAttributes (18ms)
			AfterProcessingInitializeOnLoad (7ms)
			EditorAssembliesLoaded (0ms)
		ExecutionOrderSort2 (0ms)
		AwakeInstancesAfterBackupRestoration (6ms)
Launched and connected shader compiler UnityShaderCompiler.exe after 0.03 seconds
Refreshing native plugins compatible for Editor in 0.00 ms, found 0 plugins.
Preloading 0 native plugins for Editor in 0.00 ms.
Unloading 24 Unused Serialized files (Serialized files now loaded: 0)
Unloading 3 unused Assets / (48.8 KB). Loaded Objects now: 497.
Memory consumption went from 53.2 MB to 53.1 MB.
Total: 2.397100 ms (FindLiveObjects: 0.041100 ms CreateObjectMapping: 0.004200 ms MarkObjects: 2.292000 ms  DeleteObjects: 0.059300 ms)

AssetImportParameters requested are different than current active one (requested -> active):
  custom:container-muxer-webm: aa71ff27fc2769a1b78a27578f13a17b -> 
  custom:video-encoder-webm-vp8: eb34c28f22e8b96e1ab97ce403110664 -> 
  custom:audio-encoder-webm-vorbis: bf7c407c2cedff20999df2af8eb42d56 -> 
  custom:container-demuxer-ogg: 62fdf1f143b41e24485cea50d1cbac27 -> 
  custom:video-decoder-webm-vp8: 9c59270c3fd7afecdb556c50c9e8de78 -> 
  custom:audio-decoder-ogg-vorbis: bf7c407c2cedff20999df2af8eb42d56 -> 
  custom:AudioImporter_EditorPlatform: d09bf68614088b80899f8185d706f6e7 -> 
  custom:video-decoder-ogg-theora: a1e56fd34408186e4bbccfd4996cb3dc -> 
  custom:container-demuxer-webm: 4f35f7cbe854078d1ac9338744f61a02 -> 
  custom:CustomObjectIndexerAttribute: 756ad292c208cfabdd7b50bc23989ffe -> 
  custom:framework-win-MediaFoundation: 216162199b28c13a410421893ffa2e32 -> 
  custom:SearchIndexIgnoredProperties: e643bd26f0fe6173181afceb89e7c659 -> 
========================================================================
Received Import Request.
  Time since last request: 248970.903388 seconds.
  path: Assets/Audio/Ambient/Ambient_Cavern.mp3
  artifactKey: Guid(72c3ad6c2d7d5554e94898efd38d88c7) Importer(815301076,1909f56bfc062723c751e8b465ee728b)
Start importing Assets/Audio/Ambient/Ambient_Cavern.mp3 using Guid(72c3ad6c2d7d5554e94898efd38d88c7) Importer(815301076,1909f56bfc062723c751e8b465ee728b)  -> (artifact id: '6dbcdaf591aadb15f633c8786b077cd2') in 0.117496 seconds
Number of updated asset objects reloaded before import = 0
Number of asset objects unloaded after import = 2
========================================================================
Received Import Request.
  Time since last request: 0.000031 seconds.
  path: Assets/Audio/Music/Music_Adventure_3.mp3
  artifactKey: Guid(72e383704fc4f7f468a01b938a038148) Importer(815301076,1909f56bfc062723c751e8b465ee728b)
Start importing Assets/Audio/Music/Music_Adventure_3.mp3 using Guid(72e383704fc4f7f468a01b938a038148) Importer(815301076,1909f56bfc062723c751e8b465ee728b)  -> (artifact id: '15dec8b6839f4d7dba87e03a037cffac') in 0.013504 seconds
Number of updated asset objects reloaded before import = 0
Number of asset objects unloaded after import = 2
========================================================================
Received Import Request.
  Time since last request: 0.000027 seconds.
  path: Assets/Audio/Sounds/Event/Event_Neutral_8.wav
  artifactKey: Guid(ca0dc9a23e30868448804c622462a672) Importer(815301076,1909f56bfc062723c751e8b465ee728b)
Start importing Assets/Audio/Sounds/Event/Event_Neutral_8.wav using Guid(ca0dc9a23e30868448804c622462a672) Importer(815301076,1909f56bfc062723c751e8b465ee728b)  -> (artifact id: '964099ac80dee2fcffdca3c9b71dad18') in 0.011502 seconds
Number of updated asset objects reloaded before import = 0
Number of asset objects unloaded after import = 2
========================================================================
Received Import Request.
  Time since last request: 0.000024 seconds.
  path: Assets/Audio/Music/Music_Adventure_2.mp3
  artifactKey: Guid(c9d8d8bd81bf4674b8a5d4c74188ef5c) Importer(815301076,1909f56bfc062723c751e8b465ee728b)
Start importing Assets/Audio/Music/Music_Adventure_2.mp3 using Guid(c9d8d8bd81bf4674b8a5d4c74188ef5c) Importer(815301076,1909f56bfc062723c751e8b465ee728b)  -> (artifact id: '92816330d494fa0bedc34510827d20c6') in 0.012132 seconds
Number of updated asset objects reloaded before import = 0
Number of asset objects unloaded after import = 2
========================================================================
Received Import Request.
  Time since last request: 0.000021 seconds.
  path: Assets/Audio/Sounds/Event/Event_Neutral_1.wav
  artifactKey: Guid(5586e18692634dd4ead553cba7488580) Importer(815301076,1909f56bfc062723c751e8b465ee728b)
Start importing Assets/Audio/Sounds/Event/Event_Neutral_1.wav using Guid(5586e18692634dd4ead553cba7488580) Importer(815301076,1909f56bfc062723c751e8b465ee728b)  -> (artifact id: '0236595ff48a1d5f224dbb64ece1cbdb') in 0.012298 seconds
Number of updated asset objects reloaded before import = 0
Number of asset objects unloaded after import = 2
========================================================================
Received Import Request.
  Time since last request: 0.000015 seconds.
  path: Assets/Audio/Sounds/Event/Event_Negative_2.wav
  artifactKey: Guid(ace4855ade633694990e5214d056be9e) Importer(815301076,1909f56bfc062723c751e8b465ee728b)
Start importing Assets/Audio/Sounds/Event/Event_Negative_2.wav using Guid(ace4855ade633694990e5214d056be9e) Importer(815301076,1909f56bfc062723c751e8b465ee728b)  -> (artifact id: 'b7ce991dfedbe351b7eeef210bf15943') in 0.011619 seconds
Number of updated asset objects reloaded before import = 0
Number of asset objects unloaded after import = 2
========================================================================
Received Import Request.
  Time since last request: 0.000013 seconds.
  path: Assets/Audio/Sounds/Event/Event_Positive_3.wav
  artifactKey: Guid(e28c6827226da61408d7f8ec895fd24e) Importer(815301076,1909f56bfc062723c751e8b465ee728b)
Start importing Assets/Audio/Sounds/Event/Event_Positive_3.wav using Guid(e28c6827226da61408d7f8ec895fd24e) Importer(815301076,1909f56bfc062723c751e8b465ee728b)  -> (artifact id: '1a8351a3af7388eeae2913e8c9e3b0d7') in 0.012008 seconds
Number of updated asset objects reloaded before import = 0
Number of asset objects unloaded after import = 2
========================================================================
Received Import Request.
  Time since last request: 0.000014 seconds.
  path: Assets/Audio/Sounds/Footsteps/Footstep_4.wav
  artifactKey: Guid(cf61e38f818fc68469e9c42e8b2809b0) Importer(815301076,1909f56bfc062723c751e8b465ee728b)
Start importing Assets/Audio/Sounds/Footsteps/Footstep_4.wav using Guid(cf61e38f818fc68469e9c42e8b2809b0) Importer(815301076,1909f56bfc062723c751e8b465ee728b)  -> (artifact id: '5dabb38f554f3d5f60d7c6d8fac9adf5') in 0.012593 seconds
Number of updated asset objects reloaded before import = 0
Number of asset objects unloaded after import = 2
========================================================================
Received Import Request.
  Time since last request: 0.000018 seconds.
  path: Assets/Audio/Sounds/Event/Event_Neutral_10.wav
  artifactKey: Guid(9c81708937d7b400f94950a59f4ca6bb) Importer(815301076,1909f56bfc062723c751e8b465ee728b)
Start importing Assets/Audio/Sounds/Event/Event_Neutral_10.wav using Guid(9c81708937d7b400f94950a59f4ca6bb) Importer(815301076,1909f56bfc062723c751e8b465ee728b)  -> (artifact id: 'c8ab8e5b5f2d0cc6744d9d38a717b706') in 0.012400 seconds
Number of updated asset objects reloaded before import = 0
Number of asset objects unloaded after import = 2
========================================================================
Received Import Request.
  Time since last request: 0.000016 seconds.
  path: Assets/Audio/Sounds/Event/Event_Win_4.wav
  artifactKey: Guid(6d012f7497457f34eb5381774fd8c0b2) Importer(815301076,1909f56bfc062723c751e8b465ee728b)
Start importing Assets/Audio/Sounds/Event/Event_Win_4.wav using Guid(6d012f7497457f34eb5381774fd8c0b2) Importer(815301076,1909f56bfc062723c751e8b465ee728b)  -> (artifact id: '8eb83ad97af0307d2e1cc00c41c7b4ed') in 0.011934 seconds
Number of updated asset objects reloaded before import = 0
Number of asset objects unloaded after import = 2
========================================================================
Received Import Request.
  Time since last request: 0.000023 seconds.
  path: Assets/Audio/Sounds/Event/Event_Loose_4.wav
  artifactKey: Guid(a9e5aa93ab0b80e4a8fdd0feba341d4b) Importer(815301076,1909f56bfc062723c751e8b465ee728b)
Start importing Assets/Audio/Sounds/Event/Event_Loose_4.wav using Guid(a9e5aa93ab0b80e4a8fdd0feba341d4b) Importer(815301076,1909f56bfc062723c751e8b465ee728b)  -> (artifact id: '019767ebfaf5cf0f7f0e3afcef2ba7e4') in 0.013064 seconds
Number of updated asset objects reloaded before import = 0
Number of asset objects unloaded after import = 2
========================================================================
Received Import Request.
  Time since last request: 0.000016 seconds.
  path: Assets/Audio/Sounds/Footsteps/Footstep_3.wav
  artifactKey: Guid(1db79b7f62d8a4a40a3cafbcbe55b442) Importer(815301076,1909f56bfc062723c751e8b465ee728b)
Start importing Assets/Audio/Sounds/Footsteps/Footstep_3.wav using Guid(1db79b7f62d8a4a40a3cafbcbe55b442) Importer(815301076,1909f56bfc062723c751e8b465ee728b)  -> (artifact id: '5bbaf1c1cbb9b47515b930e50144dafc') in 0.013077 seconds
Number of updated asset objects reloaded before import = 0
Number of asset objects unloaded after import = 2
========================================================================
Received Import Request.
  Time since last request: 0.000016 seconds.
  path: Assets/Audio/Sounds/Other/Transition_1.wav
  artifactKey: Guid(6f875ce9f20a0464b956c08d2aeedc87) Importer(815301076,1909f56bfc062723c751e8b465ee728b)
Start importing Assets/Audio/Sounds/Other/Transition_1.wav using Guid(6f875ce9f20a0464b956c08d2aeedc87) Importer(815301076,1909f56bfc062723c751e8b465ee728b)  -> (artifact id: '7b221596e15bb90d955d09e1f64b17bf') in 0.012437 seconds
Number of updated asset objects reloaded before import = 0
Number of asset objects unloaded after import = 2
========================================================================
Received Import Request.
  Time since last request: 0.000031 seconds.
  path: Assets/Audio/Sounds/Event/Event_Neutral_4.wav
  artifactKey: Guid(542a81ffa292c1d46ba0d9187d574366) Importer(815301076,1909f56bfc062723c751e8b465ee728b)
Start importing Assets/Audio/Sounds/Event/Event_Neutral_4.wav using Guid(542a81ffa292c1d46ba0d9187d574366) Importer(815301076,1909f56bfc062723c751e8b465ee728b)  -> (artifact id: '4d76c0560dc6b2409013f89e3a463b80') in 0.011785 seconds
Number of updated asset objects reloaded before import = 0
Number of asset objects unloaded after import = 2
========================================================================
Received Import Request.
  Time since last request: 0.000024 seconds.
  path: Assets/Audio/Sounds/Footsteps/Footstep_8.wav
  artifactKey: Guid(cb65f1e8f97b1c2449f354e55bd0bae6) Importer(815301076,1909f56bfc062723c751e8b465ee728b)
Start importing Assets/Audio/Sounds/Footsteps/Footstep_8.wav using Guid(cb65f1e8f97b1c2449f354e55bd0bae6) Importer(815301076,1909f56bfc062723c751e8b465ee728b)  -> (artifact id: '2e609684ff0037bcc68cb2d9364427d9') in 0.012024 seconds
Number of updated asset objects reloaded before import = 0
Number of asset objects unloaded after import = 2
========================================================================
Received Import Request.
  Time since last request: 0.000017 seconds.
  path: Assets/Audio/Sounds/Event/Event_Loose_3.wav
  artifactKey: Guid(44d485a27791bec469396bc3e29292e9) Importer(815301076,1909f56bfc062723c751e8b465ee728b)
Start importing Assets/Audio/Sounds/Event/Event_Loose_3.wav using Guid(44d485a27791bec469396bc3e29292e9) Importer(815301076,1909f56bfc062723c751e8b465ee728b)  -> (artifact id: 'b2b40c2a45acda648af9528215c7eeed') in 0.012374 seconds
Number of updated asset objects reloaded before import = 0
Number of asset objects unloaded after import = 2
========================================================================
Received Import Request.
  Time since last request: 0.000021 seconds.
  path: Assets/Audio/Sounds/Event/Event_Positive_7.wav
  artifactKey: Guid(b4566791bc4d49346a04cc3a53ee64f3) Importer(815301076,1909f56bfc062723c751e8b465ee728b)
Start importing Assets/Audio/Sounds/Event/Event_Positive_7.wav using Guid(b4566791bc4d49346a04cc3a53ee64f3) Importer(815301076,1909f56bfc062723c751e8b465ee728b)  -> (artifact id: '43f437986f9c37309928fdbd394faa18') in 0.011423 seconds
Number of updated asset objects reloaded before import = 0
Number of asset objects unloaded after import = 2
========================================================================
Received Import Request.
  Time since last request: 0.000019 seconds.
  path: Assets/Audio/Sounds/Footsteps/Footstep_1.wav
  artifactKey: Guid(6ed6e247525d2cf45a30c0c3883abf24) Importer(815301076,1909f56bfc062723c751e8b465ee728b)
Start importing Assets/Audio/Sounds/Footsteps/Footstep_1.wav using Guid(6ed6e247525d2cf45a30c0c3883abf24) Importer(815301076,1909f56bfc062723c751e8b465ee728b)  -> (artifact id: 'c90ff252b9ce39cd5705e4face79694a') in 0.011989 seconds
Number of updated asset objects reloaded before import = 0
Number of asset objects unloaded after import = 2
========================================================================
Received Import Request.
  Time since last request: 0.000016 seconds.
  path: Assets/Audio/Sounds/Footsteps/Footstep_7.wav
  artifactKey: Guid(1e1ba7d591f335d4ebb9f770fb23601e) Importer(815301076,1909f56bfc062723c751e8b465ee728b)
Start importing Assets/Audio/Sounds/Footsteps/Footstep_7.wav using Guid(1e1ba7d591f335d4ebb9f770fb23601e) Importer(815301076,1909f56bfc062723c751e8b465ee728b)  -> (artifact id: '1a892df839e28c1a719537f5800e45ba') in 0.011934 seconds
Number of updated asset objects reloaded before import = 0
Number of asset objects unloaded after import = 2
========================================================================
Received Import Request.
  Time since last request: 0.000022 seconds.
  path: Assets/Audio/Sounds/Footsteps/Footstep_10.wav
  artifactKey: Guid(004fb314c26e34747b91e5b2fdea3407) Importer(815301076,1909f56bfc062723c751e8b465ee728b)
Start importing Assets/Audio/Sounds/Footsteps/Footstep_10.wav using Guid(004fb314c26e34747b91e5b2fdea3407) Importer(815301076,1909f56bfc062723c751e8b465ee728b)  -> (artifact id: 'e9fba0589da4dd2bdc5b9b8beebf4d0b') in 0.012017 seconds
Number of updated asset objects reloaded before import = 0
Number of asset objects unloaded after import = 2
Editor requested this worker to shutdown with reason: Scaling down because of idle timeout
TcpMessagingSession - receive error: operation aborted. errorcode: 995, details: Az I/O mûvelet megszakítva. (Egy folyamat véget ért, vagy egy alkalmazás megszakította az I/O mûveletet.)
AssetImportWorker is now disconnected from the server
Process exiting
Exiting without the bug reporter. Application will terminate with return code 0